build/outputs/logs/manifest-merger-debug-report.txt
-- Merging decision tree log ---
manifest
ADDED from Desktop\Asyntask\AndroidManifest.xml:2:1-31:12
	package
		ADDED from Desktop\Asyntask\AndroidManifest.xml:3:5-35
	android:versionName
		ADDED from Desktop\Asyntask\AndroidManifest.xml:5:5-30
		INJECTED from Desktop\Asyntask\AndroidManifest.xml
		INJECTED from Desktop\Asyntask\AndroidManifest.xml
	android:versionCode
		ADDED from Desktop\Asyntask\AndroidManifest.xml:4:5-28
		INJECTED from Desktop\Asyntask\AndroidManifest.xml
		INJECTED from Desktop\Asyntask\AndroidManifest.xml
	xmlns:android
		ADDED from Desktop\Asyntask\AndroidManifest.xml:2:11-69
uses-sdk
ADDED from Desktop\Asyntask\AndroidManifest.xml:7:5-9:41
	android:targetSdkVersion
		ADDED from Desktop\Asyntask\AndroidManifest.xml:9:9-38
	android:minSdkVersion
		ADDED from Desktop\Asyntask\AndroidManifest.xml:8:9-35
uses-permission#android.permission.INTERNET
ADDED from Desktop\Asyntask\AndroidManifest.xml:10:5-66
	android:name
		ADDED from Desktop\Asyntask\AndroidManifest.xml:10:22-64
application
ADDED from Desktop\Asyntask\AndroidManifest.xml:12:5-29:19
	android:label
		ADDED from Desktop\Asyntask\AndroidManifest.xml:15:9-41
	android:allowBackup
		ADDED from Desktop\Asyntask\AndroidManifest.xml:13:9-35
	android:icon
		ADDED from Desktop\Asyntask\AndroidManifest.xml:14:9-45
	android:theme
		ADDED from Desktop\Asyntask\AndroidManifest.xml:16:9-40
activity#com.example.asyntask.MainActivity
ADDED from Desktop\Asyntask\AndroidManifest.xml:17:9-25:20
	android:label
		ADDED from Desktop\Asyntask\AndroidManifest.xml:19:13-45
	android:name
		ADDED from Desktop\Asyntask\AndroidManifest.xml:18:13-41
intent-filter#android.intent.action.MAIN+android.intent.category.LAUNCHER
ADDED from Desktop\Asyntask\AndroidManifest.xml:20:13-24:29
action#android.intent.action.MAIN
ADDED from Desktop\Asyntask\AndroidManifest.xml:21:17-69
	android:name
		ADDED from Desktop\Asyntask\AndroidManifest.xml:21:25-66
category#android.intent.category.LAUNCHER
ADDED from Desktop\Asyntask\AndroidManifest.xml:23:17-77
	android:name
		ADDED from Desktop\Asyntask\AndroidManifest.xml:23:27-74
activity#com.example.asyntask.Bean
ADDED from Desktop\Asyntask\AndroidManifest.xml:26:9-51
	android:name
		ADDED from Desktop\Asyntask\AndroidManifest.xml:26:19-39
activity#com.example.asyntask.imageLoader
ADDED from Desktop\Asyntask\AndroidManifest.xml:27:9-58
	android:name
		ADDED from Desktop\Asyntask\AndroidManifest.xml:27:19-46
activity#com.example.asyntask.NewsAdapter
ADDED from Desktop\Asyntask\AndroidManifest.xml:28:9-58
	android:name
		ADDED from Desktop\Asyntask\AndroidManifest.xml:28:19-46